<?xml version="1.0" encoding="UTF-8"?>
<testng-results ignored="0" total="1" passed="1" failed="0" skipped="0">
  <reporter-output>
  </reporter-output>
  <suite started-at="2022-02-13T23:05:33 IST" name="Default suite" finished-at="2022-02-13T23:05:37 IST" duration-ms="3857">
    <groups>
    </groups>
    <test started-at="2022-02-13T23:05:33 IST" name="Default test" finished-at="2022-02-13T23:05:37 IST" duration-ms="3857">
      <class name="com.testCase.CreateUser">
        <test-method signature="create()[pri:0, instance:com.testCase.CreateUser@22e357dc]" started-at="2022-02-13T23:05:33 IST" name="create" finished-at="2022-02-13T23:05:37 IST" duration-ms="3799" status="PASS">
          <reporter-output>
          </reporter-output>
        </test-method> <!-- create -->
      </class> <!-- com.testCase.CreateUser -->
    </test> <!-- Default test -->
  </suite> <!-- Default suite -->
</testng-results>
